Arguments: 
  C:\Program Files\nodejs\node.exe C:\Users\thsn6\AppData\Roaming\npm\node_modules\yarn\bin\yarn.js add native-baseyarn add native-base

PATH: 
  C:\Program Files (x86)\Intel\iCLS Client\;C:\Program Files\Intel\iCLS Client\;C:\Program Files\Microsoft\jdk-11.0.18.10-hotspot\bin;C:\Windows\system32;C:\Windows;C:\Windows\System32\Wbem;C:\Windows\System32\WindowsPowerShell\v1.0\;C:\Windows\System32\OpenSSH\;C:\ProgramData\chocolatey\bin;C:\Program Files\nodejs\;C:\Users\thsn6\AppData\Local\Android\Sdk\platform-tools;C:\Program Files (x86)\Intel\Intel(R) Management Engine Components\DAL;C:\Program Files\Intel\Intel(R) Management Engine Components\DAL;C:\Program Files (x86)\Intel\Intel(R) Management Engine Components\IPT;C:\Program Files\Intel\Intel(R) Management Engine Components\IPT;C:\xampp\php;C:\ProgramData\ComposerSetup\bin;C:\Program Files\Git\cmd;C:\Users\thsn6\AppData\Local\Microsoft\WindowsApps;C:\Users\thsn6\AppData\Local\Programs\Microsoft VS Code\bin;C:\Users\thsn6\AppData\Roaming\npm;C:\Users\thsn6\AppData\Roaming\Composer\vendor\bin;C:\Users\thsn6\AppData\Local\GitHubDesktop\bin

Yarn version: 
  1.22.19

Node version: 
  18.15.0

Platform: 
  win32 x64

Trace: 
  Error: https://registry.yarnpkg.com/native-baseyarn: Not found
      at params.callback [as _callback] (C:\Users\thsn6\AppData\Roaming\npm\node_modules\yarn\lib\cli.js:66145:18)
      at self.callback (C:\Users\thsn6\AppData\Roaming\npm\node_modules\yarn\lib\cli.js:140890:22)
      at Request.emit (node:events:513:28)
      at Request.<anonymous> (C:\Users\thsn6\AppData\Roaming\npm\node_modules\yarn\lib\cli.js:141862:10)
      at Request.emit (node:events:513:28)
      at IncomingMessage.<anonymous> (C:\Users\thsn6\AppData\Roaming\npm\node_modules\yarn\lib\cli.js:141784:12)
      at Object.onceWrapper (node:events:627:28)
      at IncomingMessage.emit (node:events:525:35)
      at endReadableNT (node:internal/streams/readable:1359:12)
      at process.processTicksAndRejections (node:internal/process/task_queues:82:21)

npm manifest: 
  {
    "name": "sarj_go",
    "main": "expo-router/entry",
    "version": "1.0.0",
    "scripts": {
      "start": "expo start",
      "reset-project": "node ./scripts/reset-project.js",
      "android": "expo start --android",
      "ios": "expo start --ios",
      "web": "expo start --web",
      "test": "jest --watchAll",
      "lint": "expo lint"
    },
    "jest": {
      "preset": "jest-expo"
    },
    "dependencies": {
      "@expo/metro-runtime": "~3.2.1",
      "@expo/vector-icons": "^14.0.0",
      "@react-native-community/datetimepicker": "8.0.1",
      "@react-navigation/native": "^6.0.2",
      "date-fns": "^3.6.0",
      "expo": "~51.0.14",
      "expo-constants": "~16.0.2",
      "expo-font": "~12.0.7",
      "expo-linking": "~6.3.1",
      "expo-router": "~3.5.16",
      "expo-splash-screen": "~0.27.5",
      "expo-status-bar": "~1.12.1",
      "expo-system-ui": "~3.0.6",
      "expo-web-browser": "~13.0.3",
      "react": "18.2.0",
      "react-dom": "18.2.0",
      "react-native": "0.74.2",
      "react-native-gesture-handler": "~2.16.1",
      "react-native-modal-datetime-picker": "^17.1.0",
      "react-native-reanimated": "~3.10.1",
      "react-native-safe-area-context": "3.3.2",
      "react-native-screens": "3.31.1",
      "react-native-svg": "12.1.1"
    },
    "devDependencies": {
      "@babel/core": "^7.20.0",
      "@types/jest": "^29.5.12",
      "@types/react": "~18.2.45",
      "@types/react-test-renderer": "^18.0.7",
      "jest": "^29.2.1",
      "jest-expo": "~51.0.1",
      "react-test-renderer": "18.2.0",
      "typescript": "~5.3.3"
    },
    "private": true
  }

yarn manifest: 
  No manifest

Lockfile: 
  No lockfile
